[2020-01-02 17:13:42.948] [sharedprocess] [info] main {"machineId":"640ddc0374632f470509d555cc7ea99da82f1ad8fb7f8bfe0513dc4567b665f8","windowId":2}
[2020-01-02 17:13:51.966] [sharedprocess] [info] Installing extension: ms-vscode.cpptools
[2020-01-02 17:13:54.525] [sharedprocess] [info] Downloaded extension: ms-vscode.cpptools /tmp/4df00cab-22aa-47c8-bdc9-2efffb75f760
[2020-01-02 17:13:56.234] [sharedprocess] [info] Extracted extension to /home/shaman/.vscode/extensions/.ms-vscode.cpptools-0.26.2: ms-vscode.cpptools
[2020-01-02 17:13:56.234] [sharedprocess] [info] Renamed to /home/shaman/.vscode/extensions/ms-vscode.cpptools-0.26.2
[2020-01-02 17:13:56.241] [sharedprocess] [info] Installation completed. ms-vscode.cpptools
[2020-01-02 17:13:56.259] [sharedprocess] [info] Extensions installed successfully: ms-vscode.cpptools
[2020-01-02 17:14:22.913] [sharedprocess] [info] Starting to clean up unused language packs.
[2020-01-02 17:14:27.662] [sharedprocess] [info] Installing extension: kalitaalexey.vscode-rust
[2020-01-02 17:14:28.219] [sharedprocess] [info] Downloaded extension: kalitaalexey.vscode-rust /tmp/0450705f-b751-47ae-85e9-7e239a615ba3
[2020-01-02 17:14:28.574] [sharedprocess] [info] Extracted extension to /home/shaman/.vscode/extensions/.kalitaalexey.vscode-rust-0.4.2: kalitaalexey.vscode-rust
[2020-01-02 17:14:28.574] [sharedprocess] [info] Renamed to /home/shaman/.vscode/extensions/kalitaalexey.vscode-rust-0.4.2
[2020-01-02 17:14:28.575] [sharedprocess] [info] Installation completed. kalitaalexey.vscode-rust
[2020-01-02 17:14:28.583] [sharedprocess] [info] Extensions installed successfully: kalitaalexey.vscode-rust
[2020-01-02 17:14:33.245] [sharedprocess] [info] Installing extension: rust-lang.rust
[2020-01-02 17:14:33.640] [sharedprocess] [info] Downloaded extension: rust-lang.rust /tmp/cc2c7597-29fd-41db-98c5-b6b79169ad54
[2020-01-02 17:14:33.771] [sharedprocess] [info] Extracted extension to /home/shaman/.vscode/extensions/.rust-lang.rust-0.7.0: rust-lang.rust
[2020-01-02 17:14:33.771] [sharedprocess] [info] Renamed to /home/shaman/.vscode/extensions/rust-lang.rust-0.7.0
[2020-01-02 17:14:33.772] [sharedprocess] [info] Installation completed. rust-lang.rust
[2020-01-02 17:14:33.779] [sharedprocess] [info] Extensions installed successfully: rust-lang.rust
[2020-01-02 17:15:28.038] [sharedprocess] [info] Installing extension: ms-ceintl.vscode-language-pack-ru
[2020-01-02 17:15:28.566] [sharedprocess] [info] Downloaded extension: ms-ceintl.vscode-language-pack-ru /tmp/a71f908c-8c23-4680-8c66-085951489186
[2020-01-02 17:15:28.711] [sharedprocess] [info] Extracted extension to /home/shaman/.vscode/extensions/.ms-ceintl.vscode-language-pack-ru-1.41.2: ms-ceintl.vscode-language-pack-ru
[2020-01-02 17:15:28.711] [sharedprocess] [info] Renamed to /home/shaman/.vscode/extensions/ms-ceintl.vscode-language-pack-ru-1.41.2
[2020-01-02 17:15:28.713] [sharedprocess] [info] Installation completed. ms-ceintl.vscode-language-pack-ru
[2020-01-02 17:15:28.721] [sharedprocess] [info] Extensions installed successfully: ms-ceintl.vscode-language-pack-ru
[2020-01-02 17:15:36.632] [sharedprocess] [info] main {"machineId":"640ddc0374632f470509d555cc7ea99da82f1ad8fb7f8bfe0513dc4567b665f8","windowId":2}
[2020-01-02 17:16:16.600] [sharedprocess] [info] Starting to clean up unused language packs.
[2020-01-02 17:16:16.602] [sharedprocess] [info] Skipping directory 914e01d542d8c8096c0916d63c250098.ru. Language pack still in use.
[2020-01-02 17:56:17.155] [sharedprocess] [info] Uninstalling extension: kalitaalexey.vscode-rust
[2020-01-02 17:56:17.172] [sharedprocess] [info] Successfully uninstalled extension: kalitaalexey.vscode-rust
[2020-01-02 17:56:19.657] [sharedprocess] [info] Uninstalling extension: rust-lang.rust
[2020-01-02 17:56:19.669] [sharedprocess] [info] Successfully uninstalled extension: rust-lang.rust
[2020-01-02 17:56:58.694] [sharedprocess] [info] Installing extension: ikuyadeu.r
[2020-01-02 17:56:59.979] [sharedprocess] [info] Downloaded extension: ikuyadeu.r /tmp/1b7c63f1-290b-4c22-b8cd-bd655b93ab6a
[2020-01-02 17:57:00.166] [sharedprocess] [info] Extracted extension to /home/shaman/.vscode/extensions/.ikuyadeu.r-1.2.0: ikuyadeu.r
[2020-01-02 17:57:00.166] [sharedprocess] [info] Renamed to /home/shaman/.vscode/extensions/ikuyadeu.r-1.2.0
[2020-01-02 17:57:00.168] [sharedprocess] [info] Installation completed. ikuyadeu.r
[2020-01-02 17:57:00.175] [sharedprocess] [info] Extensions installed successfully: ikuyadeu.r
