[2020-01-02 17:13:41.447] [exthost] [info] extension host started
[2020-01-02 17:13:41.465] [exthost] [info] ExtensionService#_doActivateExtension vscode.debug-auto-launch {"startup":true,"extensionId":{"value":"vscode.debug-auto-launch","_lower":"vscode.debug-auto-launch"},"activationEvent":"*"}
[2020-01-02 17:13:41.465] [exthost] [info] ExtensionService#loadCommonJSModule file:///opt/VSCode-linux-x64/resources/app/extensions/debug-auto-launch/dist/extension
[2020-01-02 17:13:41.470] [exthost] [info] ExtensionService#_doActivateExtension vscode.emmet {"startup":true,"extensionId":{"value":"vscode.emmet","_lower":"vscode.emmet"},"activationEvent":"*"}
[2020-01-02 17:13:41.471] [exthost] [info] ExtensionService#loadCommonJSModule file:///opt/VSCode-linux-x64/resources/app/extensions/emmet/dist/extension
[2020-01-02 17:13:41.489] [exthost] [info] ExtensionService#_doActivateExtension vscode.git {"startup":true,"extensionId":{"value":"vscode.git","_lower":"vscode.git"},"activationEvent":"*"}
[2020-01-02 17:13:41.489] [exthost] [info] ExtensionService#loadCommonJSModule file:///opt/VSCode-linux-x64/resources/app/extensions/git/dist/main
[2020-01-02 17:13:41.522] [exthost] [info] ExtensionService#_doActivateExtension vscode.merge-conflict {"startup":true,"extensionId":{"value":"vscode.merge-conflict","_lower":"vscode.merge-conflict"},"activationEvent":"*"}
[2020-01-02 17:13:41.522] [exthost] [info] ExtensionService#loadCommonJSModule file:///opt/VSCode-linux-x64/resources/app/extensions/merge-conflict/dist/extension
[2020-01-02 17:13:41.528] [exthost] [info] ExtensionService#_doActivateExtension vscode.search-result {"startup":true,"extensionId":{"value":"vscode.search-result","_lower":"vscode.search-result"},"activationEvent":"*"}
[2020-01-02 17:13:41.528] [exthost] [info] ExtensionService#loadCommonJSModule file:///opt/VSCode-linux-x64/resources/app/extensions/search-result/dist/extension.js
[2020-01-02 17:13:41.531] [exthost] [info] eager extensions activated
[2020-01-02 17:13:56.441] [exthost] [info] ExtensionService#_doActivateExtension ms-vscode.cpptools {"startup":false,"extensionId":{"value":"ms-vscode.cpptools","_lower":"ms-vscode.cpptools"},"activationEvent":"*"}
[2020-01-02 17:13:56.441] [exthost] [info] ExtensionService#loadCommonJSModule file:///home/shaman/.vscode/extensions/ms-vscode.cpptools-0.26.2/dist/main
[2020-01-02 17:14:33.857] [exthost] [info] ExtensionService#_doActivateExtension rust-lang.rust {"startup":false,"extensionId":{"value":"rust-lang.rust","_lower":"rust-lang.rust"},"activationEvent":"workspaceContains:Cargo.toml"}
[2020-01-02 17:14:33.857] [exthost] [info] ExtensionService#loadCommonJSModule file:///home/shaman/.vscode/extensions/rust-lang.rust-0.7.0/out/src/extension.js
[2020-01-02 17:15:35.058] [exthost] [info] extension host started
[2020-01-02 17:15:35.074] [exthost] [info] ExtensionService#_doActivateExtension vscode.debug-auto-launch {"startup":true,"extensionId":{"value":"vscode.debug-auto-launch","_lower":"vscode.debug-auto-launch"},"activationEvent":"*"}
[2020-01-02 17:15:35.074] [exthost] [info] ExtensionService#loadCommonJSModule file:///opt/VSCode-linux-x64/resources/app/extensions/debug-auto-launch/dist/extension
[2020-01-02 17:15:35.080] [exthost] [info] ExtensionService#_doActivateExtension vscode.emmet {"startup":true,"extensionId":{"value":"vscode.emmet","_lower":"vscode.emmet"},"activationEvent":"*"}
[2020-01-02 17:15:35.080] [exthost] [info] ExtensionService#loadCommonJSModule file:///opt/VSCode-linux-x64/resources/app/extensions/emmet/dist/extension
[2020-01-02 17:15:35.107] [exthost] [info] ExtensionService#_doActivateExtension vscode.git {"startup":true,"extensionId":{"value":"vscode.git","_lower":"vscode.git"},"activationEvent":"*"}
[2020-01-02 17:15:35.107] [exthost] [info] ExtensionService#loadCommonJSModule file:///opt/VSCode-linux-x64/resources/app/extensions/git/dist/main
[2020-01-02 17:15:35.132] [exthost] [info] ExtensionService#_doActivateExtension vscode.merge-conflict {"startup":true,"extensionId":{"value":"vscode.merge-conflict","_lower":"vscode.merge-conflict"},"activationEvent":"*"}
[2020-01-02 17:15:35.132] [exthost] [info] ExtensionService#loadCommonJSModule file:///opt/VSCode-linux-x64/resources/app/extensions/merge-conflict/dist/extension
[2020-01-02 17:15:35.136] [exthost] [info] ExtensionService#_doActivateExtension vscode.search-result {"startup":true,"extensionId":{"value":"vscode.search-result","_lower":"vscode.search-result"},"activationEvent":"*"}
[2020-01-02 17:15:35.136] [exthost] [info] ExtensionService#loadCommonJSModule file:///opt/VSCode-linux-x64/resources/app/extensions/search-result/dist/extension.js
[2020-01-02 17:15:35.138] [exthost] [info] eager extensions activated
[2020-01-02 17:17:20.587] [exthost] [info] ExtensionService#_doActivateExtension vscode.configuration-editing {"startup":false,"extensionId":{"value":"vscode.configuration-editing","_lower":"vscode.configuration-editing"},"activationEvent":"onLanguage:jsonc"}
[2020-01-02 17:17:20.588] [exthost] [info] ExtensionService#loadCommonJSModule file:///opt/VSCode-linux-x64/resources/app/extensions/configuration-editing/dist/extension
[2020-01-02 17:17:20.601] [exthost] [info] ExtensionService#_doActivateExtension vscode.json-language-features {"startup":false,"extensionId":{"value":"vscode.json-language-features","_lower":"vscode.json-language-features"},"activationEvent":"onLanguage:jsonc"}
[2020-01-02 17:17:20.601] [exthost] [info] ExtensionService#loadCommonJSModule file:///opt/VSCode-linux-x64/resources/app/extensions/json-language-features/client/dist/jsonMain
[2020-01-02 17:17:20.677] [exthost] [info] ExtensionService#_doActivateExtension vscode.typescript-language-features {"startup":false,"extensionId":{"value":"vscode.typescript-language-features","_lower":"vscode.typescript-language-features"},"activationEvent":"onLanguage:jsonc"}
[2020-01-02 17:17:20.678] [exthost] [info] ExtensionService#loadCommonJSModule file:///opt/VSCode-linux-x64/resources/app/extensions/typescript-language-features/dist/extension
[2020-01-02 17:57:00.424] [exthost] [info] ExtensionService#_doActivateExtension Ikuyadeu.r {"startup":false,"extensionId":{"value":"Ikuyadeu.r","_lower":"ikuyadeu.r"},"activationEvent":"onLanguage:r"}
[2020-01-02 17:57:00.424] [exthost] [info] ExtensionService#loadCommonJSModule file:///home/shaman/.vscode/extensions/ikuyadeu.r-1.2.0/dist/extension
[2020-01-02 17:57:08.103] [exthost] [info] ExtensionService#_doActivateExtension vscode.extension-editing {"startup":false,"extensionId":{"value":"vscode.extension-editing","_lower":"vscode.extension-editing"},"activationEvent":"onLanguage:json"}
[2020-01-02 17:57:08.103] [exthost] [info] ExtensionService#loadCommonJSModule file:///opt/VSCode-linux-x64/resources/app/extensions/extension-editing/dist/extension
[2020-01-02 17:57:08.130] [exthost] [info] ExtensionService#_doActivateExtension vscode.npm {"startup":false,"extensionId":{"value":"vscode.npm","_lower":"vscode.npm"},"activationEvent":"onLanguage:json"}
[2020-01-02 17:57:08.131] [exthost] [info] ExtensionService#loadCommonJSModule file:///opt/VSCode-linux-x64/resources/app/extensions/npm/dist/main
