21:33:30  |  Platform  |  Info  |  * Initialise: RenderManager  |  /home/scrawl/Downloads/MyGUI_3.2.0/Platforms/Ogre/OgrePlatform/src/MyGUI_OgreRenderManager.cpp  |  43
21:33:30  |  Platform  |  Info  |  RenderManager successfully initialized  |  /home/scrawl/Downloads/MyGUI_3.2.0/Platforms/Ogre/OgrePlatform/src/MyGUI_OgreRenderManager.cpp  |  71
21:33:30  |  Platform  |  Info  |  * Initialise: DataManager  |  /home/scrawl/Downloads/MyGUI_3.2.0/Platforms/Ogre/OgrePlatform/src/MyGUI_OgreDataManager.cpp  |  27
21:33:30  |  Platform  |  Info  |  DataManager successfully initialized  |  /home/scrawl/Downloads/MyGUI_3.2.0/Platforms/Ogre/OgrePlatform/src/MyGUI_OgreDataManager.cpp  |  35
21:33:30  |  Core  |  Info  |  * Initialise: Gui  |  /home/scrawl/Downloads/MyGUI_3.2.0/MyGUIEngine/src/MyGUI_Gui.cpp  |  75
21:33:30  |  Core  |  Info  |  * MyGUI version 3.2.0.exported  |  /home/scrawl/Downloads/MyGUI_3.2.0/MyGUIEngine/src/MyGUI_Gui.cpp  |  82
21:33:30  |  Core  |  Info  |  * Initialise: ResourceManager  |  /home/scrawl/Downloads/MyGUI_3.2.0/MyGUIEngine/src/MyGUI_ResourceManager.cpp  |  48
21:33:30  |  Core  |  Info  |  ResourceManager successfully initialized  |  /home/scrawl/Downloads/MyGUI_3.2.0/MyGUIEngine/src/MyGUI_ResourceManager.cpp  |  56
21:33:30  |  Core  |  Info  |  * Initialise: LayerManager  |  /home/scrawl/Downloads/MyGUI_3.2.0/MyGUIEngine/src/MyGUI_LayerManager.cpp  |  49
21:33:30  |  Core  |  Info  |  LayerManager successfully initialized  |  /home/scrawl/Downloads/MyGUI_3.2.0/MyGUIEngine/src/MyGUI_LayerManager.cpp  |  57
21:33:30  |  Core  |  Info  |  * Initialise: WidgetManager  |  /home/scrawl/Downloads/MyGUI_3.2.0/MyGUIEngine/src/MyGUI_WidgetManager.cpp  |  67
21:33:30  |  Core  |  Info  |  WidgetManager successfully initialized  |  /home/scrawl/Downloads/MyGUI_3.2.0/MyGUIEngine/src/MyGUI_WidgetManager.cpp  |  98
21:33:30  |  Core  |  Info  |  * Initialise: InputManager  |  /home/scrawl/Downloads/MyGUI_3.2.0/MyGUIEngine/src/MyGUI_InputManager.cpp  |  58
21:33:30  |  Core  |  Info  |  InputManager successfully initialized  |  /home/scrawl/Downloads/MyGUI_3.2.0/MyGUIEngine/src/MyGUI_InputManager.cpp  |  78
21:33:30  |  Core  |  Info  |  * Initialise: SubWidgetManager  |  /home/scrawl/Downloads/MyGUI_3.2.0/MyGUIEngine/src/MyGUI_SubWidgetManager.cpp  |  49
21:33:30  |  Core  |  Info  |  SubWidgetManager successfully initialized  |  /home/scrawl/Downloads/MyGUI_3.2.0/MyGUIEngine/src/MyGUI_SubWidgetManager.cpp  |  69
21:33:30  |  Core  |  Info  |  * Initialise: SkinManager  |  /home/scrawl/Downloads/MyGUI_3.2.0/MyGUIEngine/src/MyGUI_SkinManager.cpp  |  53
21:33:30  |  Core  |  Info  |  SkinManager successfully initialized  |  /home/scrawl/Downloads/MyGUI_3.2.0/MyGUIEngine/src/MyGUI_SkinManager.cpp  |  61
21:33:30  |  Core  |  Info  |  * Initialise: FontManager  |  /home/scrawl/Downloads/MyGUI_3.2.0/MyGUIEngine/src/MyGUI_FontManager.cpp  |  48
21:33:30  |  Core  |  Info  |  FontManager successfully initialized  |  /home/scrawl/Downloads/MyGUI_3.2.0/MyGUIEngine/src/MyGUI_FontManager.cpp  |  57
21:33:30  |  Core  |  Info  |  * Initialise: ControllerManager  |  /home/scrawl/Downloads/MyGUI_3.2.0/MyGUIEngine/src/MyGUI_ControllerManager.cpp  |  46
21:33:30  |  Core  |  Info  |  ControllerManager successfully initialized  |  /home/scrawl/Downloads/MyGUI_3.2.0/MyGUIEngine/src/MyGUI_ControllerManager.cpp  |  56
21:33:30  |  Core  |  Info  |  * Initialise: PointerManager  |  /home/scrawl/Downloads/MyGUI_3.2.0/MyGUIEngine/src/MyGUI_PointerManager.cpp  |  60
21:33:30  |  Core  |  Info  |  PointerManager successfully initialized  |  /home/scrawl/Downloads/MyGUI_3.2.0/MyGUIEngine/src/MyGUI_PointerManager.cpp  |  78
21:33:30  |  Core  |  Info  |  * Initialise: ClipboardManager  |  /home/scrawl/Downloads/MyGUI_3.2.0/MyGUIEngine/src/MyGUI_ClipboardManager.cpp  |  87
21:33:30  |  Core  |  Info  |  ClipboardManager successfully initialized  |  /home/scrawl/Downloads/MyGUI_3.2.0/MyGUIEngine/src/MyGUI_ClipboardManager.cpp  |  101
21:33:30  |  Core  |  Info  |  * Initialise: LayoutManager  |  /home/scrawl/Downloads/MyGUI_3.2.0/MyGUIEngine/src/MyGUI_LayoutManager.cpp  |  45
21:33:30  |  Core  |  Info  |  LayoutManager successfully initialized  |  /home/scrawl/Downloads/MyGUI_3.2.0/MyGUIEngine/src/MyGUI_LayoutManager.cpp  |  50
21:33:30  |  Core  |  Info  |  * Initialise: DynLibManager  |  /home/scrawl/Downloads/MyGUI_3.2.0/MyGUIEngine/src/MyGUI_DynLibManager.cpp  |  41
21:33:30  |  Core  |  Info  |  DynLibManager successfully initialized  |  /home/scrawl/Downloads/MyGUI_3.2.0/MyGUIEngine/src/MyGUI_DynLibManager.cpp  |  45
21:33:30  |  Core  |  Info  |  * Initialise: PluginManager  |  /home/scrawl/Downloads/MyGUI_3.2.0/MyGUIEngine/src/MyGUI_PluginManager.cpp  |  45
21:33:30  |  Core  |  Info  |  PluginManager successfully initialized  |  /home/scrawl/Downloads/MyGUI_3.2.0/MyGUIEngine/src/MyGUI_PluginManager.cpp  |  49
21:33:30  |  Core  |  Info  |  * Initialise: LanguageManager  |  /home/scrawl/Downloads/MyGUI_3.2.0/MyGUIEngine/src/MyGUI_LanguageManager.cpp  |  45
21:33:30  |  Core  |  Info  |  LanguageManager successfully initialized  |  /home/scrawl/Downloads/MyGUI_3.2.0/MyGUIEngine/src/MyGUI_LanguageManager.cpp  |  49
21:33:30  |  Core  |  Info  |  * Initialise: FactoryManager  |  /home/scrawl/Downloads/MyGUI_3.2.0/MyGUIEngine/src/MyGUI_FactoryManager.cpp  |  40
21:33:30  |  Core  |  Info  |  FactoryManager successfully initialized  |  /home/scrawl/Downloads/MyGUI_3.2.0/MyGUIEngine/src/MyGUI_FactoryManager.cpp  |  42
21:33:30  |  Core  |  Info  |  * Initialise: ToolTipManager  |  /home/scrawl/Downloads/MyGUI_3.2.0/MyGUIEngine/src/MyGUI_ToolTipManager.cpp  |  48
21:33:30  |  Core  |  Info  |  ToolTipManager successfully initialized  |  /home/scrawl/Downloads/MyGUI_3.2.0/MyGUIEngine/src/MyGUI_ToolTipManager.cpp  |  60
21:33:30  |  Core  |  Info  |  Gui successfully initialized  |  /home/scrawl/Downloads/MyGUI_3.2.0/MyGUIEngine/src/MyGUI_Gui.cpp  |  133
21:33:30  |  Core  |  Info  |  Load ini file 'core_font.xml'  |  /home/scrawl/Downloads/MyGUI_3.2.0/MyGUIEngine/src/MyGUI_ResourceManager.cpp  |  130
21:33:30  |  Core  |  Warning  |  ResourceTrueTypeFont: Property 'SpaceWidth' in font 'hud.fps' is deprecated; remove it to use automatic calculation.  |  /home/scrawl/Downloads/MyGUI_3.2.0/MyGUIEngine/src/MyGUI_ResourceTrueTypeFont.cpp  |  230
21:33:30  |  Core  |  Warning  |  ResourceTrueTypeFont: Property 'Distance' in font 'hud.fps' is deprecated; value ignored.  |  /home/scrawl/Downloads/MyGUI_3.2.0/MyGUIEngine/src/MyGUI_ResourceTrueTypeFont.cpp  |  237
21:33:30  |  Core  |  Info  |  ResourceTrueTypeFont: Font 'hud.fps' using texture size 128 x 128.  |  /home/scrawl/Downloads/MyGUI_3.2.0/MyGUIEngine/src/MyGUI_ResourceTrueTypeFont.cpp  |  674
21:33:30  |  Core  |  Info  |  ResourceTrueTypeFont: Font 'hud.fps' using real height 20 pixels.  |  /home/scrawl/Downloads/MyGUI_3.2.0/MyGUIEngine/src/MyGUI_ResourceTrueTypeFont.cpp  |  675
21:33:30  |  Core  |  Warning  |  ResourceTrueTypeFont: Property 'Distance' in font 'hud.text' is deprecated; value ignored.  |  /home/scrawl/Downloads/MyGUI_3.2.0/MyGUIEngine/src/MyGUI_ResourceTrueTypeFont.cpp  |  237
21:33:30  |  Core  |  Info  |  ResourceTrueTypeFont: Font 'hud.text' using texture size 512 x 256.  |  /home/scrawl/Downloads/MyGUI_3.2.0/MyGUIEngine/src/MyGUI_ResourceTrueTypeFont.cpp  |  674
21:33:30  |  Core  |  Info  |  ResourceTrueTypeFont: Font 'hud.text' using real height 25 pixels.  |  /home/scrawl/Downloads/MyGUI_3.2.0/MyGUIEngine/src/MyGUI_ResourceTrueTypeFont.cpp  |  675
21:33:30  |  Core  |  Warning  |  ResourceTrueTypeFont: Property 'Distance' in font 'hud.times' is deprecated; value ignored.  |  /home/scrawl/Downloads/MyGUI_3.2.0/MyGUIEngine/src/MyGUI_ResourceTrueTypeFont.cpp  |  237
21:33:30  |  Core  |  Info  |  ResourceTrueTypeFont: Font 'hud.times' using texture size 512 x 512.  |  /home/scrawl/Downloads/MyGUI_3.2.0/MyGUIEngine/src/MyGUI_ResourceTrueTypeFont.cpp  |  674
21:33:30  |  Core  |  Info  |  ResourceTrueTypeFont: Font 'hud.times' using real height 30 pixels.  |  /home/scrawl/Downloads/MyGUI_3.2.0/MyGUIEngine/src/MyGUI_ResourceTrueTypeFont.cpp  |  675
21:33:30  |  Core  |  Warning  |  ResourceTrueTypeFont: Property 'SpaceWidth' in font 'hud.replay' is deprecated; remove it to use automatic calculation.  |  /home/scrawl/Downloads/MyGUI_3.2.0/MyGUIEngine/src/MyGUI_ResourceTrueTypeFont.cpp  |  230
21:33:30  |  Core  |  Warning  |  ResourceTrueTypeFont: Property 'Distance' in font 'hud.replay' is deprecated; value ignored.  |  /home/scrawl/Downloads/MyGUI_3.2.0/MyGUIEngine/src/MyGUI_ResourceTrueTypeFont.cpp  |  237
21:33:30  |  Core  |  Info  |  ResourceTrueTypeFont: Font 'hud.replay' using texture size 64 x 128.  |  /home/scrawl/Downloads/MyGUI_3.2.0/MyGUIEngine/src/MyGUI_ResourceTrueTypeFont.cpp  |  674
21:33:30  |  Core  |  Info  |  ResourceTrueTypeFont: Font 'hud.replay' using real height 27 pixels.  |  /home/scrawl/Downloads/MyGUI_3.2.0/MyGUIEngine/src/MyGUI_ResourceTrueTypeFont.cpp  |  675
21:33:30  |  Core  |  Info  |  Load ini file 'core_images.xml'  |  /home/scrawl/Downloads/MyGUI_3.2.0/MyGUIEngine/src/MyGUI_ResourceManager.cpp  |  130
21:33:30  |  Core  |  Info  |  Load ini file 'core_commonskins.xml'  |  /home/scrawl/Downloads/MyGUI_3.2.0/MyGUIEngine/src/MyGUI_ResourceManager.cpp  |  130
21:33:30  |  Core  |  Info  |  Load ini file 'core_blackbluetheme.xml'  |  /home/scrawl/Downloads/MyGUI_3.2.0/MyGUIEngine/src/MyGUI_ResourceManager.cpp  |  130
21:33:30  |  Core  |  Info  |  Load ini file 'core_blackblueimages.xml'  |  /home/scrawl/Downloads/MyGUI_3.2.0/MyGUIEngine/src/MyGUI_ResourceManager.cpp  |  130
21:33:30  |  Core  |  Info  |  Load ini file 'core_blackblueskins.xml'  |  /home/scrawl/Downloads/MyGUI_3.2.0/MyGUIEngine/src/MyGUI_ResourceManager.cpp  |  130
21:33:30  |  Core  |  Info  |  Load ini file 'core_blackbluetemplates.xml'  |  /home/scrawl/Downloads/MyGUI_3.2.0/MyGUIEngine/src/MyGUI_ResourceManager.cpp  |  130
21:33:30  |  Core  |  Info  |  Load ini file 'core_pointers.xml'  |  /home/scrawl/Downloads/MyGUI_3.2.0/MyGUIEngine/src/MyGUI_ResourceManager.cpp  |  130
21:33:30  |  Core  |  Info  |  Load ini file 'core_layers.xml'  |  /home/scrawl/Downloads/MyGUI_3.2.0/MyGUIEngine/src/MyGUI_ResourceManager.cpp  |  130
21:33:30  |  Core  |  Info  |  Load ini file 'core_language.xml'  |  /home/scrawl/Downloads/MyGUI_3.2.0/MyGUIEngine/src/MyGUI_ResourceManager.cpp  |  130
21:33:30  |  Core  |  Info  |  Load ini file 'core_settings.xml'  |  /home/scrawl/Downloads/MyGUI_3.2.0/MyGUIEngine/src/MyGUI_ResourceManager.cpp  |  130
21:33:30  |  Core  |  Info  |  Load ini file 'MessageBoxIcons.xml'  |  /home/scrawl/Downloads/MyGUI_3.2.0/MyGUIEngine/src/MyGUI_ResourceManager.cpp  |  130
21:33:30  |  Core  |  Error  |  Texture 'LoadingTex' not found  |  /home/scrawl/Downloads/MyGUI_3.2.0/MyGUIEngine/src/MyGUI_TextureUtility.cpp  |  54
21:33:30  |  Core  |  Warning  |  : Property 'Distance' in font 'font.small' is deprecated; value ignored.  |  /home/scrawl/Downloads/MyGUI_3.2.0/MyGUIEngine/src/MyGUI_ResourceTrueTypeFont.cpp  |  237
21:33:30  |  Core  |  Info  |  ResourceTrueTypeFont: Font 'font.small' using texture size 256 x 256.  |  /home/scrawl/Downloads/MyGUI_3.2.0/MyGUIEngine/src/MyGUI_ResourceTrueTypeFont.cpp  |  674
21:33:30  |  Core  |  Info  |  ResourceTrueTypeFont: Font 'font.small' using real height 18 pixels.  |  /home/scrawl/Downloads/MyGUI_3.2.0/MyGUIEngine/src/MyGUI_ResourceTrueTypeFont.cpp  |  675
21:33:30  |  Core  |  Warning  |  : Property 'Distance' in font 'font.normal' is deprecated; value ignored.  |  /home/scrawl/Downloads/MyGUI_3.2.0/MyGUIEngine/src/MyGUI_ResourceTrueTypeFont.cpp  |  237
21:33:30  |  Core  |  Info  |  ResourceTrueTypeFont: Font 'font.normal' using texture size 256 x 256.  |  /home/scrawl/Downloads/MyGUI_3.2.0/MyGUIEngine/src/MyGUI_ResourceTrueTypeFont.cpp  |  674
21:33:30  |  Core  |  Info  |  ResourceTrueTypeFont: Font 'font.normal' using real height 21 pixels.  |  /home/scrawl/Downloads/MyGUI_3.2.0/MyGUIEngine/src/MyGUI_ResourceTrueTypeFont.cpp  |  675
21:33:30  |  Core  |  Warning  |  : Property 'Distance' in font 'font.big' is deprecated; value ignored.  |  /home/scrawl/Downloads/MyGUI_3.2.0/MyGUIEngine/src/MyGUI_ResourceTrueTypeFont.cpp  |  237
21:33:30  |  Core  |  Info  |  ResourceTrueTypeFont: Font 'font.big' using texture size 256 x 512.  |  /home/scrawl/Downloads/MyGUI_3.2.0/MyGUIEngine/src/MyGUI_ResourceTrueTypeFont.cpp  |  674
21:33:30  |  Core  |  Info  |  ResourceTrueTypeFont: Font 'font.big' using real height 23 pixels.  |  /home/scrawl/Downloads/MyGUI_3.2.0/MyGUIEngine/src/MyGUI_ResourceTrueTypeFont.cpp  |  675
21:33:31  |  Core  |  Warning  |  Widget property 'ReadOnly' not found [Game.layout]  |  /home/scrawl/Downloads/MyGUI_3.2.0/MyGUIEngine/src/MyGUI_Widget.cpp  |  1178
21:33:31  |  Core  |  Warning  |  Widget property 'MultiLine' not found [Game.layout]  |  /home/scrawl/Downloads/MyGUI_3.2.0/MyGUIEngine/src/MyGUI_Widget.cpp  |  1178
21:33:31  |  Core  |  Warning  |  Widget property 'WordWrap' not found [Game.layout]  |  /home/scrawl/Downloads/MyGUI_3.2.0/MyGUIEngine/src/MyGUI_Widget.cpp  |  1178
21:33:31  |  Core  |  Warning  |  Widget property 'ReadOnly' not found [Game.layout]  |  /home/scrawl/Downloads/MyGUI_3.2.0/MyGUIEngine/src/MyGUI_Widget.cpp  |  1178
21:33:31  |  Core  |  Warning  |  Widget property 'MultiLine' not found [Game.layout]  |  /home/scrawl/Downloads/MyGUI_3.2.0/MyGUIEngine/src/MyGUI_Widget.cpp  |  1178
21:33:31  |  Core  |  Warning  |  Widget property 'WordWrap' not found [Game.layout]  |  /home/scrawl/Downloads/MyGUI_3.2.0/MyGUIEngine/src/MyGUI_Widget.cpp  |  1178
22:05:14  |  Core  |  Info  |  * Shutdown: Gui  |  /home/scrawl/Downloads/MyGUI_3.2.0/MyGUIEngine/src/MyGUI_Gui.cpp  |  147
22:05:14  |  Core  |  Info  |  * Shutdown: PointerManager  |  /home/scrawl/Downloads/MyGUI_3.2.0/MyGUIEngine/src/MyGUI_PointerManager.cpp  |  85
22:05:14  |  Core  |  Info  |  PointerManager successfully shutdown  |  /home/scrawl/Downloads/MyGUI_3.2.0/MyGUIEngine/src/MyGUI_PointerManager.cpp  |  101
22:05:14  |  Core  |  Info  |  * Shutdown: InputManager  |  /home/scrawl/Downloads/MyGUI_3.2.0/MyGUIEngine/src/MyGUI_InputManager.cpp  |  85
22:05:14  |  Core  |  Info  |  InputManager successfully shutdown  |  /home/scrawl/Downloads/MyGUI_3.2.0/MyGUIEngine/src/MyGUI_InputManager.cpp  |  90
22:05:14  |  Core  |  Info  |  * Shutdown: SkinManager  |  /home/scrawl/Downloads/MyGUI_3.2.0/MyGUIEngine/src/MyGUI_SkinManager.cpp  |  68
22:05:14  |  Core  |  Info  |  SkinManager successfully shutdown  |  /home/scrawl/Downloads/MyGUI_3.2.0/MyGUIEngine/src/MyGUI_SkinManager.cpp  |  73
22:05:14  |  Core  |  Info  |  * Shutdown: SubWidgetManager  |  /home/scrawl/Downloads/MyGUI_3.2.0/MyGUIEngine/src/MyGUI_SubWidgetManager.cpp  |  76
22:05:14  |  Core  |  Info  |  SubWidgetManager successfully shutdown  |  /home/scrawl/Downloads/MyGUI_3.2.0/MyGUIEngine/src/MyGUI_SubWidgetManager.cpp  |  96
22:05:14  |  Core  |  Info  |  * Shutdown: LayerManager  |  /home/scrawl/Downloads/MyGUI_3.2.0/MyGUIEngine/src/MyGUI_LayerManager.cpp  |  64
22:05:14  |  Core  |  Info  |  destroy layer 'Back'  |  /home/scrawl/Downloads/MyGUI_3.2.0/MyGUIEngine/src/MyGUI_LayerManager.cpp  |  207
22:05:14  |  Core  |  Info  |  destroy layer 'Overlapped'  |  /home/scrawl/Downloads/MyGUI_3.2.0/MyGUIEngine/src/MyGUI_LayerManager.cpp  |  207
22:05:14  |  Core  |  Info  |  destroy layer 'Main'  |  /home/scrawl/Downloads/MyGUI_3.2.0/MyGUIEngine/src/MyGUI_LayerManager.cpp  |  207
22:05:14  |  Core  |  Info  |  destroy layer 'Popup'  |  /home/scrawl/Downloads/MyGUI_3.2.0/MyGUIEngine/src/MyGUI_LayerManager.cpp  |  207
22:05:14  |  Core  |  Info  |  destroy layer 'ToolTip'  |  /home/scrawl/Downloads/MyGUI_3.2.0/MyGUIEngine/src/MyGUI_LayerManager.cpp  |  207
22:05:14  |  Core  |  Info  |  destroy layer 'Pointer'  |  /home/scrawl/Downloads/MyGUI_3.2.0/MyGUIEngine/src/MyGUI_LayerManager.cpp  |  207
22:05:14  |  Core  |  Info  |  LayerManager successfully shutdown  |  /home/scrawl/Downloads/MyGUI_3.2.0/MyGUIEngine/src/MyGUI_LayerManager.cpp  |  75
22:05:14  |  Core  |  Info  |  * Shutdown: FontManager  |  /home/scrawl/Downloads/MyGUI_3.2.0/MyGUIEngine/src/MyGUI_FontManager.cpp  |  64
22:05:14  |  Core  |  Info  |  FontManager successfully shutdown  |  /home/scrawl/Downloads/MyGUI_3.2.0/MyGUIEngine/src/MyGUI_FontManager.cpp  |  71
22:05:14  |  Core  |  Info  |  * Shutdown: ControllerManager  |  /home/scrawl/Downloads/MyGUI_3.2.0/MyGUIEngine/src/MyGUI_ControllerManager.cpp  |  63
22:05:14  |  Core  |  Info  |  ControllerManager successfully shutdown  |  /home/scrawl/Downloads/MyGUI_3.2.0/MyGUIEngine/src/MyGUI_ControllerManager.cpp  |  74
22:05:14  |  Core  |  Info  |  * Shutdown: ClipboardManager  |  /home/scrawl/Downloads/MyGUI_3.2.0/MyGUIEngine/src/MyGUI_ClipboardManager.cpp  |  108
22:05:14  |  Core  |  Info  |  ClipboardManager successfully shutdown  |  /home/scrawl/Downloads/MyGUI_3.2.0/MyGUIEngine/src/MyGUI_ClipboardManager.cpp  |  110
22:05:14  |  Core  |  Info  |  * Shutdown: LayoutManager  |  /home/scrawl/Downloads/MyGUI_3.2.0/MyGUIEngine/src/MyGUI_LayoutManager.cpp  |  57
22:05:14  |  Core  |  Info  |  LayoutManager successfully shutdown  |  /home/scrawl/Downloads/MyGUI_3.2.0/MyGUIEngine/src/MyGUI_LayoutManager.cpp  |  62
22:05:14  |  Core  |  Info  |  * Shutdown: PluginManager  |  /home/scrawl/Downloads/MyGUI_3.2.0/MyGUIEngine/src/MyGUI_PluginManager.cpp  |  56
22:05:14  |  Core  |  Info  |  PluginManager successfully shutdown  |  /home/scrawl/Downloads/MyGUI_3.2.0/MyGUIEngine/src/MyGUI_PluginManager.cpp  |  61
22:05:14  |  Core  |  Info  |  * Shutdown: DynLibManager  |  /home/scrawl/Downloads/MyGUI_3.2.0/MyGUIEngine/src/MyGUI_DynLibManager.cpp  |  52
22:05:14  |  Core  |  Info  |  DynLibManager successfully shutdown  |  /home/scrawl/Downloads/MyGUI_3.2.0/MyGUIEngine/src/MyGUI_DynLibManager.cpp  |  59
22:05:14  |  Core  |  Info  |  * Shutdown: LanguageManager  |  /home/scrawl/Downloads/MyGUI_3.2.0/MyGUIEngine/src/MyGUI_LanguageManager.cpp  |  56
22:05:14  |  Core  |  Info  |  LanguageManager successfully shutdown  |  /home/scrawl/Downloads/MyGUI_3.2.0/MyGUIEngine/src/MyGUI_LanguageManager.cpp  |  60
22:05:14  |  Core  |  Info  |  * Shutdown: ResourceManager  |  /home/scrawl/Downloads/MyGUI_3.2.0/MyGUIEngine/src/MyGUI_ResourceManager.cpp  |  63
22:05:14  |  Core  |  Info  |  ResourceManager successfully shutdown  |  /home/scrawl/Downloads/MyGUI_3.2.0/MyGUIEngine/src/MyGUI_ResourceManager.cpp  |  73
22:05:14  |  Core  |  Info  |  * Shutdown: FactoryManager  |  /home/scrawl/Downloads/MyGUI_3.2.0/MyGUIEngine/src/MyGUI_FactoryManager.cpp  |  49
22:05:14  |  Core  |  Info  |  FactoryManager successfully shutdown  |  /home/scrawl/Downloads/MyGUI_3.2.0/MyGUIEngine/src/MyGUI_FactoryManager.cpp  |  51
22:05:14  |  Core  |  Info  |  * Shutdown: ToolTipManager  |  /home/scrawl/Downloads/MyGUI_3.2.0/MyGUIEngine/src/MyGUI_ToolTipManager.cpp  |  67
22:05:14  |  Core  |  Info  |  ToolTipManager successfully shutdown  |  /home/scrawl/Downloads/MyGUI_3.2.0/MyGUIEngine/src/MyGUI_ToolTipManager.cpp  |  72
22:05:14  |  Core  |  Info  |  * Shutdown: WidgetManager  |  /home/scrawl/Downloads/MyGUI_3.2.0/MyGUIEngine/src/MyGUI_WidgetManager.cpp  |  105
22:05:14  |  Core  |  Info  |  WidgetManager successfully shutdown  |  /home/scrawl/Downloads/MyGUI_3.2.0/MyGUIEngine/src/MyGUI_WidgetManager.cpp  |  114
22:05:14  |  Core  |  Info  |  Gui successfully shutdown  |  /home/scrawl/Downloads/MyGUI_3.2.0/MyGUIEngine/src/MyGUI_Gui.cpp  |  190
22:05:14  |  Platform  |  Info  |  * Shutdown: RenderManager  |  /home/scrawl/Downloads/MyGUI_3.2.0/Platforms/Ogre/OgrePlatform/src/MyGUI_OgreRenderManager.cpp  |  78
22:05:14  |  Platform  |  Info  |  RenderManager successfully shutdown  |  /home/scrawl/Downloads/MyGUI_3.2.0/Platforms/Ogre/OgrePlatform/src/MyGUI_OgreRenderManager.cpp  |  86
22:05:14  |  Platform  |  Info  |  * Shutdown: DataManager  |  /home/scrawl/Downloads/MyGUI_3.2.0/Platforms/Ogre/OgrePlatform/src/MyGUI_OgreDataManager.cpp  |  42
22:05:14  |  Platform  |  Info  |  DataManager successfully shutdown  |  /home/scrawl/Downloads/MyGUI_3.2.0/Platforms/Ogre/OgrePlatform/src/MyGUI_OgreDataManager.cpp  |  44
