00:00:00.476556 VirtualBox GUI VM Selector Window 6.1.2 r135662 linux.amd64 (Jan 14 2020 22:33:16) release log
00:00:00.476561 Log opened 2020-02-24T14:07:10.536850000Z
00:00:00.476564 Build Type: release
00:00:00.476569 OS Product: Linux
00:00:00.476572 OS Release: 5.5.4-arch1-1
00:00:00.476575 OS Version: #1 SMP PREEMPT Sat, 15 Feb 2020 00:36:29 +0000
00:00:00.476632 DMI Product Name: HP ProBook 5330m
00:00:00.476655 DMI Product Version: A0001502
00:00:00.476676 Firmware type: BIOS
00:00:00.476763 Host RAM: 7863MB (7.6GB) total, 6510MB (6.3GB) available
00:00:00.476770 Executable: /usr/lib/virtualbox/VirtualBox
00:00:00.476772 Process ID: 7839
00:00:00.476773 Package type: LINUX_64BITS_GENERIC (OSE)
00:00:00.476838 Qt version: 5.14.1
00:00:00.575078 GUI: UIMediumEnumerator: Medium-enumeration started...
00:00:01.276746 GUI: UIDesktopWidgetWatchdog::sltHandleHostScreenAvailableGeometryCalculated: Screen 0 work area is actually resized to: 0x0 x 683x746
00:00:01.277161 GUI: UIMediumEnumerator: Medium-enumeration finished!
00:00:51.474153 2D support test succeeded
00:01:10.783158 GUI: UIMediumEnumerator: Medium with key={{228e78ee-2c9f-4e13-ab77-681e832680df}} created
00:01:10.834792 GUI: UIMediumEnumerator: Medium-enumeration finished!
00:01:12.703300 GUI: UIMediumEnumerator: Medium-enumeration finished!
00:01:12.720315 GUI: UIMediumEnumerator: Medium-enumeration finished!
00:01:21.486152 GUI: UIMediumEnumerator: Medium-enumeration finished!
