00:00:00.004049 main     VirtualBox XPCOM Server 6.1.2 r135662 linux.amd64 (Jan 14 2020 22:33:16) release log
00:00:00.004054 main     Log opened 2020-02-24T14:07:10.255341000Z
00:00:00.004056 main     Build Type: release
00:00:00.004061 main     OS Product: Linux
00:00:00.004063 main     OS Release: 5.5.4-arch1-1
00:00:00.004066 main     OS Version: #1 SMP PREEMPT Sat, 15 Feb 2020 00:36:29 +0000
00:00:00.004127 main     DMI Product Name: HP ProBook 5330m
00:00:00.004170 main     DMI Product Version: A0001502
00:00:00.004194 main     Firmware type: BIOS
00:00:00.004258 main     Host RAM: 7863MB (7.6GB) total, 6513MB (6.3GB) available
00:00:00.004263 main     Executable: /usr/lib/virtualbox/VBoxSVC
00:00:00.004264 main     Process ID: 7864
00:00:00.004265 main     Package type: LINUX_64BITS_GENERIC (OSE)
00:00:00.007607 main     IPC socket path: /tmp/.vbox-shaman-ipc/ipcd
00:00:00.127301 nspr-2   VirtualBox: object creation starts
00:00:00.127533 nspr-2   Home directory: '/home/shaman/.config/VirtualBox'
00:00:00.128301 nspr-2   Loading settings file "/home/shaman/.config/VirtualBox/VirtualBox.xml" with version "1.12-linux"
00:00:00.151767 nspr-2   NetIfAdpCtlOut: VBoxNetAdpCtl: Error while retrieving link status for wlo1: VBoxNetAdpCtl: ioctl failed: Operation not supported
00:00:00.153472 nspr-2   HostDnsMonitor: initializing
00:00:00.153956 nspr-2   NAT: resolv.conf: nameserver 172.16.110.1
00:00:00.154005 nspr-2   HostDnsMonitor: updating information
00:00:00.154048 nspr-2   HostDnsMonitor: old information
00:00:00.154060 nspr-2     no server entries
00:00:00.154072 nspr-2     no domain set
00:00:00.154082 nspr-2     no search string entries
00:00:00.154092 nspr-2   HostDnsMonitor: new information
00:00:00.154102 nspr-2     server 1: 172.16.110.1
00:00:00.154114 nspr-2     no domain set
00:00:00.154124 nspr-2     no search string entries
00:00:00.172516 nspr-2   VD: VDInit finished with VINF_SUCCESS
00:00:00.184404 nspr-2   Loading settings file "/home/shaman/VirtualBox VMs/Windows XP/Windows XP.vbox" with version "1.15-linux"
00:00:00.186514 nspr-2   Loading settings file "/home/shaman/VirtualBox VMs/AlpineLinux x32/AlpineLinux x32.vbox" with version "1.16-linux"
00:00:00.187891 nspr-2   Loading settings file "/home/shaman/VirtualBox VMs/Windows 10/Windows 10.vbox" with version "1.15-linux"
00:00:00.192602 nspr-2   OCI: Local config file '/home/shaman/.config/VirtualBox/oci_config' does not exist
00:00:00.192664 nspr-2   OCI: Original config file '/home/shaman/.oci/config' does not exist
00:00:00.192677 nspr-2   OCI: Reading profiles finished with status NS_OK
00:00:00.193171 nspr-2   ExtPack: Created cloud provider 'OCI' (hrc=NS_OK)
00:00:00.193255 nspr-2   VirtualBox: object created
00:00:01.089242 nspr-2   WARNING [COM]: aRC=NS_ERROR_FAILURE (0x80004005) aIID={16ced992-5fdc-4aba-aff5-6a39bbd7c38b} aComponent={HostWrap} aText={VirtualBox is not currently allowed to access USB devices.  You can change this by adding your user to the 'vboxusers' group.  Please see the user manual for a more detailed explanation}, preserve=true  aResultDetail=0
00:00:01.203634 nspr-4   WARNING [COM]: aRC=NS_ERROR_FAILURE (0x80004005) aIID={16ced992-5fdc-4aba-aff5-6a39bbd7c38b} aComponent={HostWrap} aText={VirtualBox is not currently allowed to access USB devices.  You can change this by adding your user to the 'vboxusers' group.  Please see the user manual for a more detailed explanation}, preserve=true  aResultDetail=0
00:00:01.205370 nspr-2   WARNING [COM]: aRC=NS_ERROR_FAILURE (0x80004005) aIID={16ced992-5fdc-4aba-aff5-6a39bbd7c38b} aComponent={HostWrap} aText={VirtualBox is not currently allowed to access USB devices.  You can change this by adding your user to the 'vboxusers' group.  Please see the user manual for a more detailed explanation}, preserve=true  aResultDetail=0
00:00:44.573387 nspr-6   WARNING [COM]: aRC=NS_ERROR_FAILURE (0x80004005) aIID={16ced992-5fdc-4aba-aff5-6a39bbd7c38b} aComponent={HostWrap} aText={VirtualBox is not currently allowed to access USB devices.  You can change this by adding your user to the 'vboxusers' group.  Please see the user manual for a more detailed explanation}, preserve=true  aResultDetail=0
00:00:44.636300 nspr-6   WARNING [COM]: aRC=NS_ERROR_FAILURE (0x80004005) aIID={16ced992-5fdc-4aba-aff5-6a39bbd7c38b} aComponent={HostWrap} aText={VirtualBox is not currently allowed to access USB devices.  You can change this by adding your user to the 'vboxusers' group.  Please see the user manual for a more detailed explanation}, preserve=true  aResultDetail=0
00:00:44.639123 nspr-5   WARNING [COM]: aRC=NS_ERROR_FAILURE (0x80004005) aIID={16ced992-5fdc-4aba-aff5-6a39bbd7c38b} aComponent={HostWrap} aText={VirtualBox is not currently allowed to access USB devices.  You can change this by adding your user to the 'vboxusers' group.  Please see the user manual for a more detailed explanation}, preserve=true  aResultDetail=0
00:00:50.879610 nspr-6   WARNING [COM]: aRC=NS_ERROR_FAILURE (0x80004005) aIID={16ced992-5fdc-4aba-aff5-6a39bbd7c38b} aComponent={HostWrap} aText={VirtualBox is not currently allowed to access USB devices.  You can change this by adding your user to the 'vboxusers' group.  Please see the user manual for a more detailed explanation}, preserve=true  aResultDetail=0
00:00:51.344764 nspr-2   NetIfAdpCtlOut: VBoxNetAdpCtl: Error while retrieving link status for wlo1: VBoxNetAdpCtl: ioctl failed: Operation not supported
00:00:51.357110 nspr-6   NetIfAdpCtlOut: VBoxNetAdpCtl: Error while retrieving link status for wlo1: VBoxNetAdpCtl: ioctl failed: Operation not supported
00:00:51.386395 nspr-6   WARNING [COM]: aRC=NS_ERROR_FAILURE (0x80004005) aIID={16ced992-5fdc-4aba-aff5-6a39bbd7c38b} aComponent={HostWrap} aText={VirtualBox is not currently allowed to access USB devices.  You can change this by adding your user to the 'vboxusers' group.  Please see the user manual for a more detailed explanation}, preserve=true  aResultDetail=0
00:00:51.387227 nspr-4   WARNING [COM]: aRC=NS_ERROR_FAILURE (0x80004005) aIID={16ced992-5fdc-4aba-aff5-6a39bbd7c38b} aComponent={HostWrap} aText={VirtualBox is not currently allowed to access USB devices.  You can change this by adding your user to the 'vboxusers' group.  Please see the user manual for a more detailed explanation}, preserve=true  aResultDetail=0
00:00:51.663784 nspr-2   WARNING [COM]: aRC=NS_ERROR_FAILURE (0x80004005) aIID={16ced992-5fdc-4aba-aff5-6a39bbd7c38b} aComponent={HostWrap} aText={VirtualBox is not currently allowed to access USB devices.  You can change this by adding your user to the 'vboxusers' group.  Please see the user manual for a more detailed explanation}, preserve=true  aResultDetail=0
00:00:51.665546 nspr-6   WARNING [COM]: aRC=NS_ERROR_FAILURE (0x80004005) aIID={16ced992-5fdc-4aba-aff5-6a39bbd7c38b} aComponent={HostWrap} aText={VirtualBox is not currently allowed to access USB devices.  You can change this by adding your user to the 'vboxusers' group.  Please see the user manual for a more detailed explanation}, preserve=true  aResultDetail=0
00:01:10.596693 nspr-5   Saving settings file "/home/shaman/.config/VirtualBox/VirtualBox.xml" with version "1.12-linux"
00:01:10.689138 nspr-3   WARNING [COM]: aRC=NS_ERROR_FAILURE (0x80004005) aIID={16ced992-5fdc-4aba-aff5-6a39bbd7c38b} aComponent={HostWrap} aText={VirtualBox is not currently allowed to access USB devices.  You can change this by adding your user to the 'vboxusers' group.  Please see the user manual for a more detailed explanation}, preserve=true  aResultDetail=0
00:01:10.692012 nspr-6   WARNING [COM]: aRC=NS_ERROR_FAILURE (0x80004005) aIID={16ced992-5fdc-4aba-aff5-6a39bbd7c38b} aComponent={HostWrap} aText={VirtualBox is not currently allowed to access USB devices.  You can change this by adding your user to the 'vboxusers' group.  Please see the user manual for a more detailed explanation}, preserve=true  aResultDetail=0
00:01:12.405083 nspr-6   Saving settings file "/home/shaman/.config/VirtualBox/VirtualBox.xml" with version "1.12-linux"
00:01:12.448904 nspr-3   WARNING [COM]: aRC=NS_ERROR_FAILURE (0x80004005) aIID={16ced992-5fdc-4aba-aff5-6a39bbd7c38b} aComponent={HostWrap} aText={VirtualBox is not currently allowed to access USB devices.  You can change this by adding your user to the 'vboxusers' group.  Please see the user manual for a more detailed explanation}, preserve=true  aResultDetail=0
00:01:12.449668 nspr-5   Saving settings file "/home/shaman/VirtualBox VMs/AlpineLinux x32/AlpineLinux x32.vbox" with version "1.16-linux"
00:01:12.575103 nspr-3   WARNING [COM]: aRC=NS_ERROR_FAILURE (0x80004005) aIID={16ced992-5fdc-4aba-aff5-6a39bbd7c38b} aComponent={HostWrap} aText={VirtualBox is not currently allowed to access USB devices.  You can change this by adding your user to the 'vboxusers' group.  Please see the user manual for a more detailed explanation}, preserve=true  aResultDetail=0
00:01:12.577340 nspr-4   WARNING [COM]: aRC=NS_ERROR_FAILURE (0x80004005) aIID={16ced992-5fdc-4aba-aff5-6a39bbd7c38b} aComponent={HostWrap} aText={VirtualBox is not currently allowed to access USB devices.  You can change this by adding your user to the 'vboxusers' group.  Please see the user manual for a more detailed explanation}, preserve=true  aResultDetail=0
00:01:15.070740 nspr-5   Launched VM: 1610626688 pid: 7939 (0x1f03) frontend: GUI/Qt name: AlpineLinux x32
00:01:15.159690 nspr-2   WARNING [COM]: aRC=NS_ERROR_FAILURE (0x80004005) aIID={16ced992-5fdc-4aba-aff5-6a39bbd7c38b} aComponent={HostWrap} aText={VirtualBox is not currently allowed to access USB devices.  You can change this by adding your user to the 'vboxusers' group.  Please see the user manual for a more detailed explanation}, preserve=true  aResultDetail=0
00:01:15.161596 nspr-3   WARNING [COM]: aRC=NS_ERROR_FAILURE (0x80004005) aIID={16ced992-5fdc-4aba-aff5-6a39bbd7c38b} aComponent={HostWrap} aText={VirtualBox is not currently allowed to access USB devices.  You can change this by adding your user to the 'vboxusers' group.  Please see the user manual for a more detailed explanation}, preserve=true  aResultDetail=0
00:01:15.404329 nspr-4   WARNING [COM]: aRC=NS_ERROR_FAILURE (0x80004005) aIID={16ced992-5fdc-4aba-aff5-6a39bbd7c38b} aComponent={HostWrap} aText={VirtualBox is not currently allowed to access USB devices.  You can change this by adding your user to the 'vboxusers' group.  Please see the user manual for a more detailed explanation}, preserve=true  aResultDetail=0
00:01:15.405999 nspr-4   WARNING [COM]: aRC=NS_ERROR_FAILURE (0x80004005) aIID={16ced992-5fdc-4aba-aff5-6a39bbd7c38b} aComponent={HostWrap} aText={VirtualBox is not currently allowed to access USB devices.  You can change this by adding your user to the 'vboxusers' group.  Please see the user manual for a more detailed explanation}, preserve=true  aResultDetail=0
00:01:15.821393 nspr-2   WARNING [COM]: aRC=NS_ERROR_FAILURE (0x80004005) aIID={16ced992-5fdc-4aba-aff5-6a39bbd7c38b} aComponent={HostWrap} aText={VirtualBox is not currently allowed to access USB devices.  You can change this by adding your user to the 'vboxusers' group.  Please see the user manual for a more detailed explanation}, preserve=true  aResultDetail=0
00:01:15.823768 nspr-3   WARNING [COM]: aRC=NS_ERROR_FAILURE (0x80004005) aIID={16ced992-5fdc-4aba-aff5-6a39bbd7c38b} aComponent={HostWrap} aText={VirtualBox is not currently allowed to access USB devices.  You can change this by adding your user to the 'vboxusers' group.  Please see the user manual for a more detailed explanation}, preserve=true  aResultDetail=0
00:01:15.829698 nspr-2   Load [/usr/lib/virtualbox/ExtensionPacks/Oracle_VM_VirtualBox_Extension_Pack/linux.amd64/VBoxHostWebcam.so] vrc=VINF_SUCCESS
00:01:15.896989 nspr-3   WARNING [COM]: aRC=NS_ERROR_FAILURE (0x80004005) aIID={16ced992-5fdc-4aba-aff5-6a39bbd7c38b} aComponent={HostWrap} aText={VirtualBox is not currently allowed to access USB devices.  You can change this by adding your user to the 'vboxusers' group.  Please see the user manual for a more detailed explanation}, preserve=true  aResultDetail=0
00:01:16.005069 nspr-2   WARNING [COM]: aRC=NS_ERROR_FAILURE (0x80004005) aIID={16ced992-5fdc-4aba-aff5-6a39bbd7c38b} aComponent={HostWrap} aText={VirtualBox is not currently allowed to access USB devices.  You can change this by adding your user to the 'vboxusers' group.  Please see the user manual for a more detailed explanation}, preserve=true  aResultDetail=0
00:01:16.007541 nspr-3   WARNING [COM]: aRC=NS_ERROR_FAILURE (0x80004005) aIID={16ced992-5fdc-4aba-aff5-6a39bbd7c38b} aComponent={HostWrap} aText={VirtualBox is not currently allowed to access USB devices.  You can change this by adding your user to the 'vboxusers' group.  Please see the user manual for a more detailed explanation}, preserve=true  aResultDetail=0
00:01:16.053726 nspr-2   ERROR [COM]: aRC=VBOX_E_IPRT_ERROR (0x80bb0005) aIID={85632c68-b5bb-4316-a900-5eb28d3413df} aComponent={SessionMachine} aText={Saved screenshot data is not available (VERR_NOT_SUPPORTED)}, preserve=false aResultDetail=-37
00:01:16.095570 nspr-2   NetIfAdpCtlOut: VBoxNetAdpCtl: Error while retrieving link status for wlo1: VBoxNetAdpCtl: ioctl failed: Operation not supported
00:01:21.248482 nspr-3   Saving settings file "/home/shaman/VirtualBox VMs/AlpineLinux x32/AlpineLinux x32.vbox" with version "1.16-linux"
00:01:21.341199 nspr-5   WARNING [COM]: aRC=NS_ERROR_FAILURE (0x80004005) aIID={16ced992-5fdc-4aba-aff5-6a39bbd7c38b} aComponent={HostWrap} aText={VirtualBox is not currently allowed to access USB devices.  You can change this by adding your user to the 'vboxusers' group.  Please see the user manual for a more detailed explanation}, preserve=true  aResultDetail=0
00:01:21.392935 nspr-6   WARNING [COM]: aRC=NS_ERROR_FAILURE (0x80004005) aIID={16ced992-5fdc-4aba-aff5-6a39bbd7c38b} aComponent={HostWrap} aText={VirtualBox is not currently allowed to access USB devices.  You can change this by adding your user to the 'vboxusers' group.  Please see the user manual for a more detailed explanation}, preserve=true  aResultDetail=0
00:01:21.395261 nspr-4   WARNING [COM]: aRC=NS_ERROR_FAILURE (0x80004005) aIID={16ced992-5fdc-4aba-aff5-6a39bbd7c38b} aComponent={HostWrap} aText={VirtualBox is not currently allowed to access USB devices.  You can change this by adding your user to the 'vboxusers' group.  Please see the user manual for a more detailed explanation}, preserve=true  aResultDetail=0
00:01:22.223666 nspr-8   WARNING [COM]: aRC=NS_ERROR_FAILURE (0x80004005) aIID={16ced992-5fdc-4aba-aff5-6a39bbd7c38b} aComponent={HostWrap} aText={VirtualBox is not currently allowed to access USB devices.  You can change this by adding your user to the 'vboxusers' group.  Please see the user manual for a more detailed explanation}, preserve=true  aResultDetail=0
00:01:22.226467 nspr-3   WARNING [COM]: aRC=NS_ERROR_FAILURE (0x80004005) aIID={16ced992-5fdc-4aba-aff5-6a39bbd7c38b} aComponent={HostWrap} aText={VirtualBox is not currently allowed to access USB devices.  You can change this by adding your user to the 'vboxusers' group.  Please see the user manual for a more detailed explanation}, preserve=true  aResultDetail=0
00:01:23.530069 nspr-9   Saving settings file "/home/shaman/.config/VirtualBox/VirtualBox.xml" with version "1.12-linux"
00:01:24.985220 nspr-4   Saving settings file "/home/shaman/.config/VirtualBox/VirtualBox.xml" with version "1.12-linux"
00:01:24.995856 nspr-8   Saving settings file "/home/shaman/.config/VirtualBox/VirtualBox.xml" with version "1.12-linux"
00:01:25.019202 nspr-4   Saving settings file "/home/shaman/.config/VirtualBox/VirtualBox.xml" with version "1.12-linux"
00:01:25.028347 nspr-5   Saving settings file "/home/shaman/.config/VirtualBox/VirtualBox.xml" with version "1.12-linux"
00:01:25.036342 nspr-8   Saving settings file "/home/shaman/.config/VirtualBox/VirtualBox.xml" with version "1.12-linux"
00:01:29.451993 nspr-4   WARNING [COM]: aRC=NS_ERROR_FAILURE (0x80004005) aIID={16ced992-5fdc-4aba-aff5-6a39bbd7c38b} aComponent={HostWrap} aText={VirtualBox is not currently allowed to access USB devices.  You can change this by adding your user to the 'vboxusers' group.  Please see the user manual for a more detailed explanation}, preserve=true  aResultDetail=0
00:01:29.666025 nspr-3   NetIfAdpCtlOut: VBoxNetAdpCtl: Error while retrieving link status for wlo1: VBoxNetAdpCtl: ioctl failed: Operation not supported
00:01:29.679236 nspr-8   NetIfAdpCtlOut: VBoxNetAdpCtl: Error while retrieving link status for wlo1: VBoxNetAdpCtl: ioctl failed: Operation not supported
00:01:29.705681 nspr-8   WARNING [COM]: aRC=NS_ERROR_FAILURE (0x80004005) aIID={16ced992-5fdc-4aba-aff5-6a39bbd7c38b} aComponent={HostWrap} aText={VirtualBox is not currently allowed to access USB devices.  You can change this by adding your user to the 'vboxusers' group.  Please see the user manual for a more detailed explanation}, preserve=true  aResultDetail=0
00:01:29.706498 nspr-8   WARNING [COM]: aRC=NS_ERROR_FAILURE (0x80004005) aIID={16ced992-5fdc-4aba-aff5-6a39bbd7c38b} aComponent={HostWrap} aText={VirtualBox is not currently allowed to access USB devices.  You can change this by adding your user to the 'vboxusers' group.  Please see the user manual for a more detailed explanation}, preserve=true  aResultDetail=0
00:01:44.628903 nspr-6   WARNING [COM]: aRC=NS_ERROR_FAILURE (0x80004005) aIID={16ced992-5fdc-4aba-aff5-6a39bbd7c38b} aComponent={HostWrap} aText={VirtualBox is not currently allowed to access USB devices.  You can change this by adding your user to the 'vboxusers' group.  Please see the user manual for a more detailed explanation}, preserve=true  aResultDetail=0
00:01:44.637251 nspr-3   Saving settings file "/home/shaman/VirtualBox VMs/AlpineLinux x32/AlpineLinux x32.vbox" with version "1.16-linux"
00:01:44.645351 nspr-7   Saving settings file "/home/shaman/VirtualBox VMs/AlpineLinux x32/AlpineLinux x32.vbox" with version "1.16-linux"
00:02:56.020448 nspr-3   Saving settings file "/home/shaman/VirtualBox VMs/AlpineLinux x32/AlpineLinux x32.vbox" with version "1.16-linux"
00:02:56.127482 nspr-5   Saving settings file "/home/shaman/VirtualBox VMs/AlpineLinux x32/AlpineLinux x32.vbox" with version "1.16-linux"
00:02:56.686197 nspr-6   Saving settings file "/home/shaman/VirtualBox VMs/AlpineLinux x32/AlpineLinux x32.vbox" with version "1.16-linux"
00:03:02.223477 main     VirtualBox: object deletion starts
00:03:02.223573 main     ERROR [COM]: aRC=VBOX_E_OBJECT_IN_USE (0x80bb000c) aIID={ad47ad09-787b-44ab-b343-a082a3f2dfb1} aComponent={MediumWrap} aText={Medium '/home/shaman/VirtualBox VMs/Windows XP/Windows XP.vdi' cannot be closed because it is still attached to 1 virtual machines}, preserve=false aResultDetail=0
00:03:02.223847 main     ERROR [COM]: aRC=VBOX_E_OBJECT_IN_USE (0x80bb000c) aIID={ad47ad09-787b-44ab-b343-a082a3f2dfb1} aComponent={MediumWrap} aText={Medium '/home/shaman/VirtualBox VMs/AlpineLinux x32/AlpineLinux x32.vdi' cannot be closed because it is still attached to 1 virtual machines}, preserve=false aResultDetail=0
00:03:02.224049 main     ERROR [COM]: aRC=VBOX_E_OBJECT_IN_USE (0x80bb000c) aIID={ad47ad09-787b-44ab-b343-a082a3f2dfb1} aComponent={MediumWrap} aText={Medium '/home/shaman/VirtualBox VMs/Windows 10/Windows 10.vdi' cannot be closed because it is still attached to 1 virtual machines}, preserve=false aResultDetail=0
00:03:02.224695 main     HostDnsMonitor: shutting down ...
00:03:02.231041 main     HostDnsMonitor: shut down
00:03:02.638120 Watcher  ERROR [COM]: aRC=E_ACCESSDENIED (0x80070005) aIID={d0a0163f-e254-4e5b-a1f2-011cf991c38d} aComponent={VirtualBoxWrap} aText={The object is not ready}, preserve=false aResultDetail=0
00:03:07.231240 main     {00007f5c64019310} HostPowerServiceLinux::~HostPowerServiceLinux: RTThreadWait() for 5000 ms failed with VERR_TIMEOUT
00:03:07.232387 main     VirtualBox: object deleted
